{"name": "test_campaign[Samsung SM-G781B-T001-PreProd-https://preproductionpro.rantcell.com/-eva@rantcell.com-eva@2023]", "status": "passed", "steps": [{"name": "Launch the browser and navigate to https://preproductionpro.rantcell.com/", "status": "passed", "attachments": [{"name": "URLhttps://preproductionpro.rantcell.com/", "source": "795f5e8b-ef5f-46f1-a441-d3b2517fbbfe-attachment.png", "type": "image/png"}], "start": 1682324054992, "stop": 1682324064125}, {"name": "Click on Login link element", "status": "passed", "start": 1682324064125, "stop": 1682324067812}, {"name": "Enter eva@rantcell.com in Username edit field ", "status": "passed", "start": 1682324072813, "stop": 1682324072910}, {"name": "Enter eva@2023 in Password edit field ", "status": "passed", "start": 1682324074921, "stop": 1682324074986}, {"name": "Click on Login button element", "status": "passed", "start": 1682324076997, "stop": 1682324077058}, {"name": "Verify Dashboard element is present ", "status": "passed", "attachments": [{"name": "Dashboard", "source": "0d5e054c-5a38-42a2-a0ad-09a8ebbc3cf2-attachment.png", "type": "image/png"}], "start": 1682324082063, "stop": 1682324084205}, {"name": "Click on Android Test Data element", "status": "broken", "statusDetails": {"message": "selenium.common.exceptions.InvalidArgumentException: Message: invalid argument: invalid locator\n  (Session info: chrome=112.0.5615.138)\nStacktrace:\nBacktrace:\n\tGetHandleVerifier [0x00C0DCE3+50899]\n\t(No symbol) [0x00B9E111]\n\t(No symbol) [0x00AA5588]\n\t(No symbol) [0x00AD09EC]\n\t(No symbol) [0x00AD0AFB]\n\t(No symbol) [0x00AFF902]\n\t(No symbol) [0x00AEB944]\n\t(No symbol) [0x00AFE01C]\n\t(No symbol) [0x00AEB6F6]\n\t(No symbol) [0x00AC7708]\n\t(No symbol) [0x00AC886D]\n\tGetHandleVerifier [0x00E73EAE+2566302]\n\tGetHandleVerifier [0x00EA92B1+2784417]\n\tGetHandleVerifier [0x00EA327C+2759788]\n\tGetHandleVerifier [0x00CA5740+672048]\n\t(No symbol) [0x00BA8872]\n\t(No symbol) [0x00BA41C8]\n\t(No symbol) [0x00BA42AB]\n\t(No symbol) [0x00B971B7]\n\tBaseThreadInitThunk [0x75AB7D49+25]\n\tRtlInitializeExceptionChain [0x77C5B74B+107]\n\tRtlClearBits [0x77C5B6CF+191]\n\n", "trace": "  File \"C:\\Users\\RudreshaC\\PycharmProjects\\RantCell_Automation\\utils\\library.py\", line 73, in click\n    self.driver.find_element(locatortype, locatorProperty).click()\n  File \"C:\\Users\\RudreshaC\\PycharmProjects\\RantCell_Automation\\venv\\lib\\site-packages\\selenium\\webdriver\\remote\\webdriver.py\", line 831, in find_element\n    return self.execute(Command.FIND_ELEMENT, {\"using\": by, \"value\": value})[\"value\"]\n  File \"C:\\Users\\RudreshaC\\PycharmProjects\\RantCell_Automation\\venv\\lib\\site-packages\\selenium\\webdriver\\remote\\webdriver.py\", line 440, in execute\n    self.error_handler.check_response(response)\n  File \"C:\\Users\\RudreshaC\\PycharmProjects\\RantCell_Automation\\venv\\lib\\site-packages\\selenium\\webdriver\\remote\\errorhandler.py\", line 245, in check_response\n    raise exception_class(message, screen, stacktrace)\n"}, "start": 1682324089212, "stop": 1682324089219}, {"name": "Failed to click on Android Test Dataelement", "status": "passed", "attachments": [{"name": "Android Test Data", "source": "01ec7748-8c78-48bf-8028-ff67166adb2f-attachment.png", "type": "image/png"}], "start": 1682324089225, "stop": 1682324091354}, {"name": "Click on Pro TestData element", "status": "broken", "statusDetails": {"message": "selenium.common.exceptions.InvalidArgumentException: Message: invalid argument: invalid locator\n  (Session info: chrome=112.0.5615.138)\nStacktrace:\nBacktrace:\n\tGetHandleVerifier [0x00C0DCE3+50899]\n\t(No symbol) [0x00B9E111]\n\t(No symbol) [0x00AA5588]\n\t(No symbol) [0x00AD09EC]\n\t(No symbol) [0x00AD0AFB]\n\t(No symbol) [0x00AFF902]\n\t(No symbol) [0x00AEB944]\n\t(No symbol) [0x00AFE01C]\n\t(No symbol) [0x00AEB6F6]\n\t(No symbol) [0x00AC7708]\n\t(No symbol) [0x00AC886D]\n\tGetHandleVerifier [0x00E73EAE+2566302]\n\tGetHandleVerifier [0x00EA92B1+2784417]\n\tGetHandleVerifier [0x00EA327C+2759788]\n\tGetHandleVerifier [0x00CA5740+672048]\n\t(No symbol) [0x00BA8872]\n\t(No symbol) [0x00BA41C8]\n\t(No symbol) [0x00BA42AB]\n\t(No symbol) [0x00B971B7]\n\tBaseThreadInitThunk [0x75AB7D49+25]\n\tRtlInitializeExceptionChain [0x77C5B74B+107]\n\tRtlClearBits [0x77C5B6CF+191]\n\n", "trace": "  File \"C:\\Users\\RudreshaC\\PycharmProjects\\RantCell_Automation\\utils\\library.py\", line 73, in click\n    self.driver.find_element(locatortype, locatorProperty).click()\n  File \"C:\\Users\\RudreshaC\\PycharmProjects\\RantCell_Automation\\venv\\lib\\site-packages\\selenium\\webdriver\\remote\\webdriver.py\", line 831, in find_element\n    return self.execute(Command.FIND_ELEMENT, {\"using\": by, \"value\": value})[\"value\"]\n  File \"C:\\Users\\RudreshaC\\PycharmProjects\\RantCell_Automation\\venv\\lib\\site-packages\\selenium\\webdriver\\remote\\webdriver.py\", line 440, in execute\n    self.error_handler.check_response(response)\n  File \"C:\\Users\\RudreshaC\\PycharmProjects\\RantCell_Automation\\venv\\lib\\site-packages\\selenium\\webdriver\\remote\\errorhandler.py\", line 245, in check_response\n    raise exception_class(message, screen, stacktrace)\n"}, "start": 1682324091355, "stop": 1682324091366}, {"name": "Failed to click on Pro TestDataelement", "status": "passed", "attachments": [{"name": "Pro TestData", "source": "c6167f9c-e020-43b4-9ec7-4a44d68b87b1-attachment.png", "type": "image/png"}], "start": 1682324091367, "stop": 1682324093478}, {"name": "Click on Drop Down Toggle element", "status": "broken", "statusDetails": {"message": "selenium.common.exceptions.NoSuchWindowException: Message: no such window: target window already closed\nfrom unknown error: web view not found\n  (Session info: chrome=112.0.5615.138)\nStacktrace:\nBacktrace:\n\tGetHandleVerifier [0x00C0DCE3+50899]\n\t(No symbol) [0x00B9E111]\n\t(No symbol) [0x00AA5588]\n\t(No symbol) [0x00A8D333]\n\t(No symbol) [0x00AEF4DB]\n\t(No symbol) [0x00AFDB33]\n\t(No symbol) [0x00AEB6F6]\n\t(No symbol) [0x00AC7708]\n\t(No symbol) [0x00AC886D]\n\tGetHandleVerifier [0x00E73EAE+2566302]\n\tGetHandleVerifier [0x00EA92B1+2784417]\n\tGetHandleVerifier [0x00EA327C+2759788]\n\tGetHandleVerifier [0x00CA5740+672048]\n\t(No symbol) [0x00BA8872]\n\t(No symbol) [0x00BA41C8]\n\t(No symbol) [0x00BA42AB]\n\t(No symbol) [0x00B971B7]\n\tBaseThreadInitThunk [0x75AB7D49+25]\n\tRtlInitializeExceptionChain [0x77C5B74B+107]\n\tRtlClearBits [0x77C5B6CF+191]\n\n", "trace": "  File \"C:\\Users\\RudreshaC\\PycharmProjects\\RantCell_Automation\\utils\\library.py\", line 73, in click\n    self.driver.find_element(locatortype, locatorProperty).click()\n  File \"C:\\Users\\RudreshaC\\PycharmProjects\\RantCell_Automation\\venv\\lib\\site-packages\\selenium\\webdriver\\remote\\webdriver.py\", line 831, in find_element\n    return self.execute(Command.FIND_ELEMENT, {\"using\": by, \"value\": value})[\"value\"]\n  File \"C:\\Users\\RudreshaC\\PycharmProjects\\RantCell_Automation\\venv\\lib\\site-packages\\selenium\\webdriver\\remote\\webdriver.py\", line 440, in execute\n    self.error_handler.check_response(response)\n  File \"C:\\Users\\RudreshaC\\PycharmProjects\\RantCell_Automation\\venv\\lib\\site-packages\\selenium\\webdriver\\remote\\errorhandler.py\", line 245, in check_response\n    raise exception_class(message, screen, stacktrace)\n"}, "start": 1682324398490, "stop": 1682324398494}, {"name": "Failed to click on Drop Down Toggleelement", "status": "broken", "statusDetails": {"message": "selenium.common.exceptions.NoSuchWindowException: Message: no such window: target window already closed\nfrom unknown error: web view not found\n  (Session info: chrome=112.0.5615.138)\nStacktrace:\nBacktrace:\n\tGetHandleVerifier [0x00C0DCE3+50899]\n\t(No symbol) [0x00B9E111]\n\t(No symbol) [0x00AA5588]\n\t(No symbol) [0x00A8D333]\n\t(No symbol) [0x00AEF4DB]\n\t(No symbol) [0x00AFDB33]\n\t(No symbol) [0x00AEB6F6]\n\t(No symbol) [0x00AC7708]\n\t(No symbol) [0x00AC886D]\n\tGetHandleVerifier [0x00E73EAE+2566302]\n\tGetHandleVerifier [0x00EA92B1+2784417]\n\tGetHandleVerifier [0x00EA327C+2759788]\n\tGetHandleVerifier [0x00CA5740+672048]\n\t(No symbol) [0x00BA8872]\n\t(No symbol) [0x00BA41C8]\n\t(No symbol) [0x00BA42AB]\n\t(No symbol) [0x00B971B7]\n\tBaseThreadInitThunk [0x75AB7D49+25]\n\tRtlInitializeExceptionChain [0x77C5B74B+107]\n\tRtlClearBits [0x77C5B6CF+191]\n\n", "trace": "  File \"C:\\Users\\RudreshaC\\PycharmProjects\\RantCell_Automation\\utils\\library.py\", line 77, in click\n    self.driver.get_screenshot_as_file(\"screenshot.png\")\n  File \"C:\\Users\\RudreshaC\\PycharmProjects\\RantCell_Automation\\venv\\lib\\site-packages\\selenium\\webdriver\\remote\\webdriver.py\", line 893, in get_screenshot_as_file\n    png = self.get_screenshot_as_png()\n  File \"C:\\Users\\RudreshaC\\PycharmProjects\\RantCell_Automation\\venv\\lib\\site-packages\\selenium\\webdriver\\remote\\webdriver.py\", line 927, in get_screenshot_as_png\n    return b64decode(self.get_screenshot_as_base64().encode(\"ascii\"))\n  File \"C:\\Users\\RudreshaC\\PycharmProjects\\RantCell_Automation\\venv\\lib\\site-packages\\selenium\\webdriver\\remote\\webdriver.py\", line 938, in get_screenshot_as_base64\n    return self.execute(Command.SCREENSHOT)[\"value\"]\n  File \"C:\\Users\\RudreshaC\\PycharmProjects\\RantCell_Automation\\venv\\lib\\site-packages\\selenium\\webdriver\\remote\\webdriver.py\", line 440, in execute\n    self.error_handler.check_response(response)\n  File \"C:\\Users\\RudreshaC\\PycharmProjects\\RantCell_Automation\\venv\\lib\\site-packages\\selenium\\webdriver\\remote\\errorhandler.py\", line 245, in check_response\n    raise exception_class(message, screen, stacktrace)\n"}, "start": 1682324398495, "stop": 1682324398498}], "parameters": [{"name": "device", "value": "'Samsung SM-G781B'"}, {"name": "campaign", "value": "'T001'"}, {"name": "environment", "value": "'PreProd'"}, {"name": "url", "value": "'https://preproductionpro.rantcell.com/'"}, {"name": "userid", "value": "'eva@rantcell.com'"}, {"name": "password", "value": "'eva@2023'"}], "start": 1682324054842, "stop": 1682324398499, "uuid": "780c28e5-4a1b-408a-822e-efa35deeede3", "historyId": "3e9954af05040b18e5779109f57e04ae", "testCaseId": "19442f1071c1350d924985a2afd1619e", "fullName": "test_campaigns.Test_Campaign_Driver#test_campaign"}