{"name": "test_campaign[Samsung SM-G781B-T001-PreProd-https://preproductionpro.rantcell.com/-eva@rantcell.com-eva@2023]", "status": "passed", "steps": [{"name": "Launch the browser and navigate to https://preproductionpro.rantcell.com/", "status": "passed", "attachments": [{"name": "URLhttps://preproductionpro.rantcell.com/", "source": "5e14a49b-0f77-49f8-86d9-00a2be767a3e-attachment.png", "type": "image/png"}], "start": 1682324350107, "stop": 1682324359056}, {"name": "Click on Login link element", "status": "passed", "start": 1682324359056, "stop": 1682324360663}, {"name": "Enter eva@rantcell.com in Username edit field ", "status": "passed", "start": 1682324365669, "stop": 1682324365767}, {"name": "Enter eva@2023 in Password edit field ", "status": "passed", "start": 1682324367769, "stop": 1682324367858}, {"name": "Click on Login button element", "status": "passed", "start": 1682324369858, "stop": 1682324369912}, {"name": "Verify Dashboard element is present ", "status": "passed", "attachments": [{"name": "Dashboard", "source": "2c9a2d14-daed-4055-8524-f7b4ddf7c8cb-attachment.png", "type": "image/png"}], "start": 1682324374922, "stop": 1682324377107}, {"name": "Click on Android Test Data element", "status": "broken", "statusDetails": {"message": "selenium.common.exceptions.InvalidArgumentException: Message: invalid argument: invalid locator\n  (Session info: chrome=112.0.5615.138)\nStacktrace:\nBacktrace:\n\tGetHandleVerifier [0x00C0DCE3+50899]\n\t(No symbol) [0x00B9E111]\n\t(No symbol) [0x00AA5588]\n\t(No symbol) [0x00AD09EC]\n\t(No symbol) [0x00AD0AFB]\n\t(No symbol) [0x00AFF902]\n\t(No symbol) [0x00AEB944]\n\t(No symbol) [0x00AFE01C]\n\t(No symbol) [0x00AEB6F6]\n\t(No symbol) [0x00AC7708]\n\t(No symbol) [0x00AC886D]\n\tGetHandleVerifier [0x00E73EAE+2566302]\n\tGetHandleVerifier [0x00EA92B1+2784417]\n\tGetHandleVerifier [0x00EA327C+2759788]\n\tGetHandleVerifier [0x00CA5740+672048]\n\t(No symbol) [0x00BA8872]\n\t(No symbol) [0x00BA41C8]\n\t(No symbol) [0x00BA42AB]\n\t(No symbol) [0x00B971B7]\n\tBaseThreadInitThunk [0x75AB7D49+25]\n\tRtlInitializeExceptionChain [0x77C5B74B+107]\n\tRtlClearBits [0x77C5B6CF+191]\n\n", "trace": "  File \"C:\\Users\\RudreshaC\\PycharmProjects\\RantCell_Automation\\utils\\library.py\", line 73, in click\n    self.driver.find_element(locatortype, locatorProperty).click()\n  File \"C:\\Users\\RudreshaC\\PycharmProjects\\RantCell_Automation\\venv\\lib\\site-packages\\selenium\\webdriver\\remote\\webdriver.py\", line 831, in find_element\n    return self.execute(Command.FIND_ELEMENT, {\"using\": by, \"value\": value})[\"value\"]\n  File \"C:\\Users\\RudreshaC\\PycharmProjects\\RantCell_Automation\\venv\\lib\\site-packages\\selenium\\webdriver\\remote\\webdriver.py\", line 440, in execute\n    self.error_handler.check_response(response)\n  File \"C:\\Users\\RudreshaC\\PycharmProjects\\RantCell_Automation\\venv\\lib\\site-packages\\selenium\\webdriver\\remote\\errorhandler.py\", line 245, in check_response\n    raise exception_class(message, screen, stacktrace)\n"}, "start": 1682324382111, "stop": 1682324382120}, {"name": "Failed to click on Android Test Dataelement", "status": "passed", "attachments": [{"name": "Android Test Data", "source": "dc702447-d206-4a8c-976a-093dc2c29ee7-attachment.png", "type": "image/png"}], "start": 1682324382122, "stop": 1682324384260}, {"name": "Click on Pro TestData element", "status": "broken", "statusDetails": {"message": "selenium.common.exceptions.InvalidArgumentException: Message: invalid argument: invalid locator\n  (Session info: chrome=112.0.5615.138)\nStacktrace:\nBacktrace:\n\tGetHandleVerifier [0x00C0DCE3+50899]\n\t(No symbol) [0x00B9E111]\n\t(No symbol) [0x00AA5588]\n\t(No symbol) [0x00AD09EC]\n\t(No symbol) [0x00AD0AFB]\n\t(No symbol) [0x00AFF902]\n\t(No symbol) [0x00AEB944]\n\t(No symbol) [0x00AFE01C]\n\t(No symbol) [0x00AEB6F6]\n\t(No symbol) [0x00AC7708]\n\t(No symbol) [0x00AC886D]\n\tGetHandleVerifier [0x00E73EAE+2566302]\n\tGetHandleVerifier [0x00EA92B1+2784417]\n\tGetHandleVerifier [0x00EA327C+2759788]\n\tGetHandleVerifier [0x00CA5740+672048]\n\t(No symbol) [0x00BA8872]\n\t(No symbol) [0x00BA41C8]\n\t(No symbol) [0x00BA42AB]\n\t(No symbol) [0x00B971B7]\n\tBaseThreadInitThunk [0x75AB7D49+25]\n\tRtlInitializeExceptionChain [0x77C5B74B+107]\n\tRtlClearBits [0x77C5B6CF+191]\n\n", "trace": "  File \"C:\\Users\\RudreshaC\\PycharmProjects\\RantCell_Automation\\utils\\library.py\", line 73, in click\n    self.driver.find_element(locatortype, locatorProperty).click()\n  File \"C:\\Users\\RudreshaC\\PycharmProjects\\RantCell_Automation\\venv\\lib\\site-packages\\selenium\\webdriver\\remote\\webdriver.py\", line 831, in find_element\n    return self.execute(Command.FIND_ELEMENT, {\"using\": by, \"value\": value})[\"value\"]\n  File \"C:\\Users\\RudreshaC\\PycharmProjects\\RantCell_Automation\\venv\\lib\\site-packages\\selenium\\webdriver\\remote\\webdriver.py\", line 440, in execute\n    self.error_handler.check_response(response)\n  File \"C:\\Users\\RudreshaC\\PycharmProjects\\RantCell_Automation\\venv\\lib\\site-packages\\selenium\\webdriver\\remote\\errorhandler.py\", line 245, in check_response\n    raise exception_class(message, screen, stacktrace)\n"}, "start": 1682324384260, "stop": 1682324384270}, {"name": "Failed to click on Pro TestDataelement", "status": "passed", "attachments": [{"name": "Pro TestData", "source": "190a8645-de9c-4ab9-ab22-084e7e988fa9-attachment.png", "type": "image/png"}], "start": 1682324384271, "stop": 1682324386404}, {"name": "Click on Drop Down Toggle element", "status": "passed", "start": 1682324395422, "stop": 1682324395487}, {"name": "Click on Logout element", "status": "passed", "start": 1682324400500, "stop": 1682324400563}], "parameters": [{"name": "device", "value": "'Samsung SM-G781B'"}, {"name": "campaign", "value": "'T001'"}, {"name": "environment", "value": "'PreProd'"}, {"name": "url", "value": "'https://preproductionpro.rantcell.com/'"}, {"name": "userid", "value": "'eva@rantcell.com'"}, {"name": "password", "value": "'eva@2023'"}], "start": 1682324350022, "stop": 1682324400563, "uuid": "9ec7766a-a43c-430e-a02d-5b144bac430f", "historyId": "3e9954af05040b18e5779109f57e04ae", "testCaseId": "19442f1071c1350d924985a2afd1619e", "fullName": "test_campaigns.Test_Campaign_Driver#test_campaign", "labels": [{"name": "suite", "value": "test_campaigns"}, {"name": "subSuite", "value": "Test_Campaign_Driver"}, {"name": "host", "value": "rudresha_c"}, {"name": "thread", "value": "39536-MainThread"}, {"name": "framework", "value": "pytest"}, {"name": "language", "value": "cpython3"}, {"name": "package", "value": "test_campaigns"}]}